build/app/outputs/mapping/release/seeds.txt
androidx.window.layout.WindowMetricsCalculator$Companion$reset$1: androidx.window.layout.WindowMetricsCalculator$Companion$reset$1 INSTANCE
androidx.window.R$attr: int finishPrimaryWithSecondary
androidx.window.embedding.SplitController: androidx.window.embedding.EmbeddingBackend embeddingBackend
androidx.window.R$id: int rtl
io.flutter.embedding.android.FlutterSplashView$SavedState: android.os.Parcelable$Creator CREATOR
io.flutter.embedding.engine.FlutterJNI: io.flutter.embedding.engine.deferredcomponents.DeferredComponentManager deferredComponentManager
io.flutter.view.FlutterCallbackInformation: java.lang.String callbackLibraryPath
androidx.window.embedding.SplitPairFilter: android.content.ComponentName secondaryActivityName
kotlinx.coroutines.internal.ThreadSafeHeap: int _size
kotlinx.coroutines.InvokeOnCancelling: int _invoked
io.flutter.embedding.engine.FlutterJNI: boolean initCalled
androidx.window.R$styleable: int[] SplitPlaceholderRule
androidx.window.embedding.ExtensionEmbeddingBackend$SplitListenerWrapper: java.util.concurrent.Executor executor
kotlinx.coroutines.DispatchedCoroutine: int _decision
kotlinx.coroutines.internal.LockFreeLinkedListNode: java.lang.Object _next
androidx.window.core.Version: androidx.window.core.Version$Companion Companion
androidx.window.R$id: int androidx_window_activity_scope
kotlin.coroutines.AbstractCoroutineContextElement: kotlin.coroutines.CoroutineContext$Key key
androidx.window.embedding.ExtensionEmbeddingBackend: androidx.window.embedding.ExtensionEmbeddingBackend$EmbeddingCallbackImpl splitInfoEmbeddingCallback
androidx.window.embedding.EmbeddingCompat: androidx.window.embedding.EmbeddingAdapter adapter
kotlinx.coroutines.JobSupport: java.lang.Object _state
io.flutter.plugin.editing.ImeSyncDeferringInsetsCallback: io.flutter.plugin.editing.ImeSyncDeferringInsetsCallback$AnimationCallback animationCallback
androidx.window.embedding.SplitRule$Api30Impl: androidx.window.embedding.SplitRule$Api30Impl INSTANCE
androidx.window.core.Version: java.lang.String VERSION_PATTERN_STRING
io.flutter.plugin.editing.ImeSyncDeferringInsetsCallback: int deferredInsetTypes
io.flutter.view.AccessibilityViewEmbedder: java.util.Map embeddedViewToDisplayBounds
kotlin.jvm.internal.CallableReference: java.lang.Object NO_RECEIVER
io.flutter.embedding.engine.FlutterJNI: java.lang.String observatoryUri
androidx.window.layout.ActivityCompatHelperApi30: androidx.window.layout.ActivityCompatHelperApi30 INSTANCE
androidx.window.core.Bounds: int left
androidx.window.embedding.ActivityRule: boolean alwaysExpand
io.flutter.embedding.engine.FlutterJNI: java.util.Set engineLifecycleListeners
androidx.window.embedding.SplitPairFilter: java.lang.String secondaryActivityIntentAction
androidx.window.R$styleable: int SplitPlaceholderRule_splitMinWidth
androidx.window.layout.FoldingFeature$Orientation: androidx.window.layout.FoldingFeature$Orientation VERTICAL
androidx.window.R$attr: int splitRatio
kotlinx.coroutines.CancellableContinuationImpl: java.lang.Object _state
androidx.window.core.Bounds: boolean isEmpty()
kotlin.jvm.internal.CallableReference: CallableReference()
io.flutter.embedding.engine.FlutterJNI: void destroyOverlaySurfaces()
androidx.window.layout.ExtensionInterfaceCompat: void setExtensionCallback(androidx.window.layout.ExtensionInterfaceCompat$ExtensionCallbackInterface)
androidx.window.java.layout.WindowInfoTrackerCallbackAdapter$addListener$1$1$invokeSuspend$$inlined$collect$1: java.lang.Object emit(java.lang.Object,kotlin.coroutines.Continuation)
io.flutter.embedding.engine.FlutterOverlaySurface: int getId()
kotlinx.coroutines.android.AndroidExceptionPreHandler: void handleException(kotlin.coroutines.CoroutineContext,java.lang.Throwable)
androidx.window.core.Version: java.lang.String getDescription()
androidx.window.embedding.SplitController$Companion: androidx.window.embedding.SplitController getInstance()