build/app/outputs/mapping/release/mapping.txt
# compiler: R8
# compiler_version: 3.1.66
# min_api: 16
# pg_map_id: b10bb9c
# common_typos_disable
# {"id":"com.android.tools.r8.mapping","version":"1.0"}
...
kotlinx.coroutines.channels.SendChannel -> e0.t:
    java.lang.Object trySend-JP2dKIU(java.lang.Object) -> a
kotlinx.coroutines.flow.AbstractFlow -> f0.a:
    java.lang.Object collect(kotlinx.coroutines.flow.FlowCollector,kotlin.coroutines.Continuation) -> a
    java.lang.Object collectSafely(kotlinx.coroutines.flow.FlowCollector,kotlin.coroutines.Continuation) -> b
kotlinx.coroutines.flow.AbstractFlow$collect$1 -> f0.a$a:
    java.lang.Object L$0 -> d
    java.lang.Object result -> e
    kotlinx.coroutines.flow.AbstractFlow this$0 -> f
    int label -> g
kotlinx.coroutines.flow.Flow -> f0.b:
    java.lang.Object collect(kotlinx.coroutines.flow.FlowCollector,kotlin.coroutines.Continuation) -> a
kotlinx.coroutines.flow.FlowCollector -> f0.c:
kotlinx.coroutines.flow.FlowKt -> f0.d:
    kotlinx.coroutines.flow.Flow flow(kotlin.jvm.functions.Function2) -> a
kotlinx.coroutines.flow.FlowKt__BuildersKt -> f0.e:
    kotlinx.coroutines.flow.Flow flow(kotlin.jvm.functions.Function2) -> a
kotlinx.coroutines.flow.SafeFlow -> f0.f:
    kotlin.jvm.functions.Function2 block -> a
    java.lang.Object collectSafely(kotlinx.coroutines.flow.FlowCollector,kotlin.coroutines.Continuation) -> b
kotlinx.coroutines.flow.internal.DownstreamExceptionElement -> g0.a:
    kotlin.coroutines.CoroutineContext$Key key -> e
    java.lang.Throwable e -> d
    kotlinx.coroutines.flow.internal.DownstreamExceptionElement$Key Key -> f
kotlinx.coroutines.flow.internal.DownstreamExceptionElement$Key -> g0.a$a:
kotlinx.coroutines.flow.internal.NoOpContinuation -> g0.b:
    kotlinx.coroutines.flow.internal.NoOpContinuation INSTANCE -> d
    kotlin.coroutines.CoroutineContext context -> e
kotlinx.coroutines.flow.internal.SafeCollector -> g0.c:
    kotlin.coroutines.CoroutineContext lastEmissionContext -> g
    kotlin.coroutines.CoroutineContext collectContext -> e
    int collectContextSize -> f
    kotlinx.coroutines.flow.FlowCollector collector -> d
    kotlin.coroutines.Continuation completion -> h
    void checkContext(kotlin.coroutines.CoroutineContext,kotlin.coroutines.CoroutineContext,java.lang.Object) -> a
    java.lang.Object emit(kotlin.coroutines.Continuation,java.lang.Object) -> b
    void exceptionTransparencyViolated(kotlinx.coroutines.flow.internal.DownstreamExceptionElement,java.lang.Object) -> c
kotlinx.coroutines.flow.internal.SafeCollector$collectContextSize$1 -> g0.c$a:
    kotlinx.coroutines.flow.internal.SafeCollector$collectContextSize$1 INSTANCE -> d
    java.lang.Integer invoke(int,kotlin.coroutines.CoroutineContext$Element) -> a
kotlinx.coroutines.flow.internal.SafeCollectorKt -> g0.d:
    kotlin.jvm.functions.Function3 emitFun -> a
    kotlin.jvm.functions.Function3 access$getEmitFun$p() -> a
kotlinx.coroutines.flow.internal.SafeCollectorKt$emitFun$1 -> g0.d$a:
    kotlinx.coroutines.flow.internal.SafeCollectorKt$emitFun$1 INSTANCE -> d
    java.lang.Object invoke(kotlinx.coroutines.flow.FlowCollector,java.lang.Object,kotlin.coroutines.Continuation) -> a
    java.lang.Object invoke(java.lang.Object,java.lang.Object,java.lang.Object) -> i
kotlinx.coroutines.flow.internal.SafeCollector_commonKt -> g0.e:
    void checkContext(kotlinx.coroutines.flow.internal.SafeCollector,kotlin.coroutines.CoroutineContext) -> a
    kotlinx.coroutines.Job transitiveCoroutineParent(kotlinx.coroutines.Job,kotlinx.coroutines.Job) -> b
kotlinx.coroutines.flow.internal.SafeCollector_commonKt$checkContext$result$1 -> g0.e$a:
    kotlinx.coroutines.flow.internal.SafeCollector $this_checkContext -> d
    java.lang.Integer invoke(int,kotlin.coroutines.CoroutineContext$Element) -> a
kotlinx.coroutines.internal.ArrayQueue -> kotlinx.coroutines.internal.a:
    java.lang.Object[] elements -> a
    int head -> b
    int tail -> c
    void addLast(java.lang.Object) -> a
    void ensureCapacity() -> b
    boolean isEmpty() -> c
    java.lang.Object removeFirstOrNull() -> d