build/app/outputs/mapping/release/usage.txt
io.flutter.plugin.common.BasicMessageChannel$1
io.flutter.plugin.common.BasicMessageChannel$IncomingMessageHandler$1
io.flutter.plugin.common.BasicMessageChannel$IncomingMessageHandler
io.flutter.plugin.common.BasicMessageChannel$IncomingReplyHandler
io.flutter.plugin.common.BasicMessageChannel$MessageHandler
io.flutter.plugin.common.BasicMessageChannel$Reply
io.flutter.plugin.common.BasicMessageChannel
io.flutter.plugin.common.BinaryCodec
io.flutter.plugin.common.BinaryMessenger$-CC
io.flutter.plugin.common.BinaryMessenger$BinaryMessageHandler
io.flutter.plugin.common.BinaryMessenger$BinaryReply
io.flutter.plugin.common.BinaryMessenger$TaskQueue
io.flutter.plugin.common.BinaryMessenger$TaskQueueOptions
io.flutter.plugin.common.BinaryMessenger
io.flutter.plugin.common.ErrorLogResult
io.flutter.plugin.common.EventChannel$1
io.flutter.plugin.common.EventChannel$EventSink
io.flutter.plugin.common.EventChannel$IncomingStreamRequestHandler$EventSinkImplementation
io.flutter.plugin.common.EventChannel$IncomingStreamRequestHandler
io.flutter.plugin.common.EventChannel$StreamHandler
io.flutter.plugin.common.EventChannel
io.flutter.plugin.common.FlutterException
io.flutter.plugin.common.JSONMessageCodec
io.flutter.plugin.common.JSONMethodCodec
io.flutter.plugin.common.JSONUtil
io.flutter.plugin.common.MessageCodec
io.flutter.plugin.common.MethodCall
io.flutter.plugin.common.MethodChannel$IncomingMethodCallHandler$1
io.flutter.plugin.common.MethodChannel$IncomingMethodCallHandler
io.flutter.plugin.common.MethodChannel$IncomingResultHandler
io.flutter.plugin.common.MethodChannel$MethodCallHandler
io.flutter.plugin.common.MethodChannel$Result
io.flutter.plugin.common.MethodChannel
io.flutter.plugin.common.MethodCodec
io.flutter.plugin.common.PluginRegistry$ActivityResultListener
io.flutter.plugin.common.PluginRegistry$NewIntentListener
io.flutter.plugin.common.PluginRegistry$PluginRegistrantCallback
io.flutter.plugin.common.PluginRegistry$Registrar
io.flutter.plugin.common.PluginRegistry$RequestPermissionsResultListener
io.flutter.plugin.common.PluginRegistry$UserLeaveHintListener
io.flutter.plugin.common.PluginRegistry$ViewDestroyListener
io.flutter.plugin.common.PluginRegistry
io.flutter.plugin.common.StandardMessageCodec:
    private static final byte BIGINT
    private static final byte BYTE_ARRAY
    private static final byte DOUBLE
    private static final byte DOUBLE_ARRAY
    private static final byte FALSE
    private static final byte FLOAT_ARRAY
    private static final byte INT
    private static final byte INT_ARRAY
    private static final byte LIST
    private static final byte LONG
    private static final byte LONG_ARRAY
    private static final byte MAP
    private static final byte NULL
    private static final byte STRING
    private static final java.lang.String TAG
    private static final byte TRUE
    public java.lang.Object decodeMessage(java.nio.ByteBuffer)
    protected static final void readAlignment(java.nio.ByteBuffer,int)
    protected static final byte[] readBytes(java.nio.ByteBuffer)
    protected static final int readSize(java.nio.ByteBuffer)
    protected final java.lang.Object readValue(java.nio.ByteBuffer)
    protected java.lang.Object readValueOfType(byte,java.nio.ByteBuffer)
io.flutter.plugin.common.StandardMethodCodec
io.flutter.plugin.common.StringCodec
io.flutter.plugin.editing.FlutterTextUtils
io.flutter.plugin.editing.InputConnectionAdaptor
io.flutter.plugin.editing.ListenableEditingState$1
io.flutter.plugin.editing.ListenableEditingState$EditingStateWatcher
io.flutter.plugin.editing.ListenableEditingState
io.flutter.plugin.editing.TextEditingDelta
io.flutter.plugin.editing.TextInputPlugin$1
io.flutter.plugin.editing.TextInputPlugin$2
io.flutter.plugin.editing.TextInputPlugin$InputTarget$Type
io.flutter.plugin.editing.TextInputPlugin$InputTarget
io.flutter.plugin.editing.TextInputPlugin$MinMax
io.flutter.plugin.editing.TextInputPlugin
io.flutter.plugin.localization.LocalizationPlugin$1